{
  "0 debug pnpm:scope": {
    "selected": 1
  },
  "1 info pnpm": {
    "err": {
      "name": "Error",
      "message": "not found: insatll",
      "code": "ENOENT",
      "stack": "Error: not found: insatll\n    at getNotFoundError (/snapshot/dist/pnpm.cjs)\n    at Function.whichSync [as sync] (/snapshot/dist/pnpm.cjs)\n    at getCommandAbsolutePathSync (/snapshot/dist/pnpm.cjs)\n    at default_1 (/snapshot/dist/pnpm.cjs)\n    at /snapshot/dist/pnpm.cjs"
    }
  },
  "2 error pnpm": {
    "code": "ERR_PNPM_RECURSIVE_EXEC_FIRST_FAIL",
    "prefix": "/home/workspace/reactjs/coding-practices/debuggingFetchAndRouting",
    "err": {
      "name": "pnpm",
      "message": "not found: insatll",
      "code": "ERR_PNPM_RECURSIVE_EXEC_FIRST_FAIL",
      "stack": "Error: not found: insatll\n    at getNotFoundError (/snapshot/dist/pnpm.cjs)\n    at Function.whichSync [as sync] (/snapshot/dist/pnpm.cjs)\n    at getCommandAbsolutePathSync (/snapshot/dist/pnpm.cjs)\n    at default_1 (/snapshot/dist/pnpm.cjs)\n    at /snapshot/dist/pnpm.cjs"
    }
  }
}